<?xml version="1.0" encoding="UTF-8"?>
<!-- Generated by org.testng.reporters.JUnitXMLReporter -->
<testsuite ignored="0" hostname="nehad" failures="0" tests="4" name="Default test" time="4.077" errors="0" timestamp="2022-11-08T21:03:47 IST">
  <testcase classname="amazonpage.class1" name="title" time="0.003"/>
  <testcase classname="amazonpage.class2" name="url" time="0.014"/>
  <testcase classname="amazonpage.class2" name="dropdown" time="0.305"/>
  <testcase classname="amazonpage.class2" name="screenshot" time="0.386"/>
</testsuite> <!-- Default test -->
