<?xml version="1.0" encoding="UTF-8"?>
<!-- Generated by org.testng.reporters.JUnitXMLReporter -->
<testsuite ignored="0" hostname="nehad" failures="0" tests="4" name="Test" time="21.68" errors="0" timestamp="2022-11-14T14:32:45 IST">
  <testcase classname="amazonpage.class1" name="title" time="0.004"/>
  <testcase classname="amazonpage.class2" name="url" time="0.041"/>
  <testcase classname="amazonpage.class2" name="dropdown" time="0.356"/>
  <testcase classname="amazonpage.class2" name="screenshot" time="0.443"/>
</testsuite> <!-- Test -->
